<?xml version="1.0" encoding="UTF-8"?>
<!-- Generated by org.testng.reporters.JUnitReportReporter -->
<testsuite hostname="DESKTOP-NPPLBQ2" failures="0" tests="1" name="login.MyTestCases" time="1.020" errors="0" timestamp="2025-07-04T19:11:35 EET" skipped="0">
  <testcase classname="login.MyTestCases" name="SignUp" time="1.020"/>
</testsuite> <!-- login.MyTestCases -->
